Traceback (most recent call last):
  File "/usr/local/lib/python3.8/dist-packages/jupyter_cache/executors/utils.py", line 51, in single_nb_execution
    executenb(
  File "/usr/local/lib/python3.8/dist-packages/nbclient/client.py", line 1112, in execute
    return NotebookClient(nb=nb, resources=resources, km=km, **kwargs).execute()
  File "/usr/local/lib/python3.8/dist-packages/nbclient/util.py", line 74, in wrapped
    return just_run(coro(*args, **kwargs))
  File "/usr/local/lib/python3.8/dist-packages/nbclient/util.py", line 53, in just_run
    return loop.run_until_complete(coro)
  File "/usr/lib/python3.8/asyncio/base_events.py", line 616, in run_until_complete
    return future.result()
  File "/usr/local/lib/python3.8/dist-packages/nbclient/client.py", line 553, in async_execute
    await self.async_execute_cell(
  File "/usr/local/lib/python3.8/dist-packages/nbclient/client.py", line 857, in async_execute_cell
    self._check_raise_for_error(cell, exec_reply)
  File "/usr/local/lib/python3.8/dist-packages/nbclient/client.py", line 760, in _check_raise_for_error
    raise CellExecutionError.from_cell_and_msg(cell, exec_reply_content)
nbclient.exceptions.CellExecutionError: An error occurred while executing the following cell:
------------------
import ac3airborne.tools.is_land as il
import ac3airborne
from simplification.cutil import simplify_coords_idx
------------------

[0;31m---------------------------------------------------------------------------[0m
[0;31mgaierror[0m                                  Traceback (most recent call last)
[0;32m/usr/lib/python3.8/urllib/request.py[0m in [0;36mdo_open[0;34m(self, http_class, req, **http_conn_args)[0m
[1;32m   1353[0m             [0;32mtry[0m[0;34m:[0m[0;34m[0m[0;34m[0m[0m
[0;32m-> 1354[0;31m                 h.request(req.get_method(), req.selector, req.data, headers,
[0m[1;32m   1355[0m                           encode_chunked=req.has_header('Transfer-encoding'))

[0;32m/usr/lib/python3.8/http/client.py[0m in [0;36mrequest[0;34m(self, method, url, body, headers, encode_chunked)[0m
[1;32m   1251[0m         [0;34m"""Send a complete request to the server."""[0m[0;34m[0m[0;34m[0m[0m
[0;32m-> 1252[0;31m         [0mself[0m[0;34m.[0m[0m_send_request[0m[0;34m([0m[0mmethod[0m[0;34m,[0m [0murl[0m[0;34m,[0m [0mbody[0m[0;34m,[0m [0mheaders[0m[0;34m,[0m [0mencode_chunked[0m[0;34m)[0m[0;34m[0m[0;34m[0m[0m
[0m[1;32m   1253[0m [0;34m[0m[0m

[0;32m/usr/lib/python3.8/http/client.py[0m in [0;36m_send_request[0;34m(self, method, url, body, headers, encode_chunked)[0m
[1;32m   1297[0m             [0mbody[0m [0;34m=[0m [0m_encode[0m[0;34m([0m[0mbody[0m[0;34m,[0m [0;34m'body'[0m[0;34m)[0m[0;34m[0m[0;34m[0m[0m
[0;32m-> 1298[0;31m         [0mself[0m[0;34m.[0m[0mendheaders[0m[0;34m([0m[0mbody[0m[0;34m,[0m [0mencode_chunked[0m[0;34m=[0m[0mencode_chunked[0m[0;34m)[0m[0;34m[0m[0;34m[0m[0m
[0m[1;32m   1299[0m [0;34m[0m[0m

[0;32m/usr/lib/python3.8/http/client.py[0m in [0;36mendheaders[0;34m(self, message_body, encode_chunked)[0m
[1;32m   1246[0m             [0;32mraise[0m [0mCannotSendHeader[0m[0;34m([0m[0;34m)[0m[0;34m[0m[0;34m[0m[0m
[0;32m-> 1247[0;31m         [0mself[0m[0;34m.[0m[0m_send_output[0m[0;34m([0m[0mmessage_body[0m[0;34m,[0m [0mencode_chunked[0m[0;34m=[0m[0mencode_chunked[0m[0;34m)[0m[0;34m[0m[0;34m[0m[0m
[0m[1;32m   1248[0m [0;34m[0m[0m

[0;32m/usr/lib/python3.8/http/client.py[0m in [0;36m_send_output[0;34m(self, message_body, encode_chunked)[0m
[1;32m   1006[0m         [0;32mdel[0m [0mself[0m[0;34m.[0m[0m_buffer[0m[0;34m[[0m[0;34m:[0m[0;34m][0m[0;34m[0m[0;34m[0m[0m
[0;32m-> 1007[0;31m         [0mself[0m[0;34m.[0m[0msend[0m[0;34m([0m[0mmsg[0m[0;34m)[0m[0;34m[0m[0;34m[0m[0m
[0m[1;32m   1008[0m [0;34m[0m[0m

[0;32m/usr/lib/python3.8/http/client.py[0m in [0;36msend[0;34m(self, data)[0m
[1;32m    946[0m             [0;32mif[0m [0mself[0m[0;34m.[0m[0mauto_open[0m[0;34m:[0m[0;34m[0m[0;34m[0m[0m
[0;32m--> 947[0;31m                 [0mself[0m[0;34m.[0m[0mconnect[0m[0;34m([0m[0;34m)[0m[0;34m[0m[0;34m[0m[0m
[0m[1;32m    948[0m             [0;32melse[0m[0;34m:[0m[0;34m[0m[0;34m[0m[0m

[0;32m/usr/lib/python3.8/http/client.py[0m in [0;36mconnect[0;34m(self)[0m
[1;32m   1413[0m [0;34m[0m[0m
[0;32m-> 1414[0;31m             [0msuper[0m[0;34m([0m[0;34m)[0m[0;34m.[0m[0mconnect[0m[0;34m([0m[0;34m)[0m[0;34m[0m[0;34m[0m[0m
[0m[1;32m   1415[0m [0;34m[0m[0m

[0;32m/usr/lib/python3.8/http/client.py[0m in [0;36mconnect[0;34m(self)[0m
[1;32m    917[0m         [0;34m"""Connect to the host and port specified in __init__."""[0m[0;34m[0m[0;34m[0m[0m
[0;32m--> 918[0;31m         self.sock = self._create_connection(
[0m[1;32m    919[0m             (self.host,self.port), self.timeout, self.source_address)

[0;32m/usr/lib/python3.8/socket.py[0m in [0;36mcreate_connection[0;34m(address, timeout, source_address)[0m
[1;32m    786[0m     [0merr[0m [0;34m=[0m [0;32mNone[0m[0;34m[0m[0;34m[0m[0m
[0;32m--> 787[0;31m     [0;32mfor[0m [0mres[0m [0;32min[0m [0mgetaddrinfo[0m[0;34m([0m[0mhost[0m[0;34m,[0m [0mport[0m[0;34m,[0m [0;36m0[0m[0;34m,[0m [0mSOCK_STREAM[0m[0;34m)[0m[0;34m:[0m[0;34m[0m[0;34m[0m[0m
[0m[1;32m    788[0m         [0maf[0m[0;34m,[0m [0msocktype[0m[0;34m,[0m [0mproto[0m[0;34m,[0m [0mcanonname[0m[0;34m,[0m [0msa[0m [0;34m=[0m [0mres[0m[0;34m[0m[0;34m[0m[0m

[0;32m/usr/lib/python3.8/socket.py[0m in [0;36mgetaddrinfo[0;34m(host, port, family, type, proto, flags)[0m
[1;32m    917[0m     [0maddrlist[0m [0;34m=[0m [0;34m[[0m[0;34m][0m[0;34m[0m[0;34m[0m[0m
[0;32m--> 918[0;31m     [0;32mfor[0m [0mres[0m [0;32min[0m [0m_socket[0m[0;34m.[0m[0mgetaddrinfo[0m[0;34m([0m[0mhost[0m[0;34m,[0m [0mport[0m[0;34m,[0m [0mfamily[0m[0;34m,[0m [0mtype[0m[0;34m,[0m [0mproto[0m[0;34m,[0m [0mflags[0m[0;34m)[0m[0;34m:[0m[0;34m[0m[0;34m[0m[0m
[0m[1;32m    919[0m         [0maf[0m[0;34m,[0m [0msocktype[0m[0;34m,[0m [0mproto[0m[0;34m,[0m [0mcanonname[0m[0;34m,[0m [0msa[0m [0;34m=[0m [0mres[0m[0;34m[0m[0;34m[0m[0m

[0;31mgaierror[0m: [Errno -3] Temporary failure in name resolution

During handling of the above exception, another exception occurred:

[0;31mURLError[0m                                  Traceback (most recent call last)
[0;32m<ipython-input-1-c7048833505c>[0m in [0;36m<module>[0;34m[0m
[0;32m----> 1[0;31m [0;32mimport[0m [0mac3airborne[0m[0;34m.[0m[0mtools[0m[0;34m.[0m[0mis_land[0m [0;32mas[0m [0mil[0m[0;34m[0m[0;34m[0m[0m
[0m[1;32m      2[0m [0;32mimport[0m [0mac3airborne[0m[0;34m[0m[0;34m[0m[0m
[1;32m      3[0m [0;32mfrom[0m [0msimplification[0m[0;34m.[0m[0mcutil[0m [0;32mimport[0m [0msimplify_coords_idx[0m[0;34m[0m[0;34m[0m[0m

[0;32m~/.local/lib/python3.8/site-packages/ac3airborne/tools/is_land.py[0m in [0;36m<module>[0;34m[0m
[1;32m      4[0m [0;32mfrom[0m [0mshapely[0m[0;34m.[0m[0mprepared[0m [0;32mimport[0m [0mprep[0m[0;34m[0m[0;34m[0m[0m
[1;32m      5[0m [0;34m[0m[0m
[0;32m----> 6[0;31m [0mland_shp_fname[0m [0;34m=[0m [0mshpr[0m[0;34m.[0m[0mnatural_earth[0m[0;34m([0m[0mresolution[0m[0;34m=[0m[0;34m'10m'[0m[0;34m,[0m [0mcategory[0m[0;34m=[0m[0;34m'physical'[0m[0;34m,[0m [0mname[0m[0;34m=[0m[0;34m'land'[0m[0;34m)[0m[0;34m[0m[0;34m[0m[0m
[0m[1;32m      7[0m [0mland_geom[0m [0;34m=[0m [0munary_union[0m[0;34m([0m[0mlist[0m[0;34m([0m[0mshpr[0m[0;34m.[0m[0mReader[0m[0;34m([0m[0mland_shp_fname[0m[0;34m)[0m[0;34m.[0m[0mgeometries[0m[0;34m([0m[0;34m)[0m[0;34m)[0m[0;34m)[0m[0;34m[0m[0;34m[0m[0m
[1;32m      8[0m [0mland[0m [0;34m=[0m [0mprep[0m[0;34m([0m[0mland_geom[0m[0;34m)[0m[0;34m[0m[0;34m[0m[0m

[0;32m/usr/local/lib/python3.8/dist-packages/cartopy/io/shapereader.py[0m in [0;36mnatural_earth[0;34m(resolution, category, name)[0m
[1;32m    293[0m     format_dict = {'config': config, 'category': category,
[1;32m    294[0m                    'name': name, 'resolution': resolution}
[0;32m--> 295[0;31m     [0;32mreturn[0m [0mne_downloader[0m[0;34m.[0m[0mpath[0m[0;34m([0m[0mformat_dict[0m[0;34m)[0m[0;34m[0m[0;34m[0m[0m
[0m[1;32m    296[0m [0;34m[0m[0m
[1;32m    297[0m [0;34m[0m[0m

[0;32m/usr/local/lib/python3.8/dist-packages/cartopy/io/__init__.py[0m in [0;36mpath[0;34m(self, format_dict)[0m
[1;32m    220[0m         [0;32melse[0m[0;34m:[0m[0;34m[0m[0;34m[0m[0m
[1;32m    221[0m             [0;31m# we need to download the file[0m[0;34m[0m[0;34m[0m[0;34m[0m[0m
[0;32m--> 222[0;31m             [0mresult_path[0m [0;34m=[0m [0mself[0m[0;34m.[0m[0macquire_resource[0m[0;34m([0m[0mtarget_path[0m[0;34m,[0m [0mformat_dict[0m[0;34m)[0m[0;34m[0m[0;34m[0m[0m
[0m[1;32m    223[0m [0;34m[0m[0m
[1;32m    224[0m         [0;32mreturn[0m [0mresult_path[0m[0;34m[0m[0;34m[0m[0m

[0;32m/usr/local/lib/python3.8/dist-packages/cartopy/io/shapereader.py[0m in [0;36macquire_resource[0;34m(self, target_path, format_dict)[0m
[1;32m    348[0m         [0murl[0m [0;34m=[0m [0mself[0m[0;34m.[0m[0murl[0m[0;34m([0m[0mformat_dict[0m[0;34m)[0m[0;34m[0m[0;34m[0m[0m
[1;32m    349[0m [0;34m[0m[0m
[0;32m--> 350[0;31m         [0mshapefile_online[0m [0;34m=[0m [0mself[0m[0;34m.[0m[0m_urlopen[0m[0;34m([0m[0murl[0m[0;34m)[0m[0;34m[0m[0;34m[0m[0m
[0m[1;32m    351[0m [0;34m[0m[0m
[1;32m    352[0m         [0mzfh[0m [0;34m=[0m [0mZipFile[0m[0;34m([0m[0msix[0m[0;34m.[0m[0mBytesIO[0m[0;34m([0m[0mshapefile_online[0m[0;34m.[0m[0mread[0m[0;34m([0m[0;34m)[0m[0;34m)[0m[0;34m,[0m [0;34m'r'[0m[0;34m)[0m[0;34m[0m[0;34m[0m[0m

[0;32m/usr/local/lib/python3.8/dist-packages/cartopy/io/__init__.py[0m in [0;36m_urlopen[0;34m(self, url)[0m
[1;32m    259[0m         """
[1;32m    260[0m         [0mwarnings[0m[0;34m.[0m[0mwarn[0m[0;34m([0m[0;34m'Downloading: {}'[0m[0;34m.[0m[0mformat[0m[0;34m([0m[0murl[0m[0;34m)[0m[0;34m,[0m [0mDownloadWarning[0m[0;34m)[0m[0;34m[0m[0;34m[0m[0m
[0;32m--> 261[0;31m         [0;32mreturn[0m [0murlopen[0m[0;34m([0m[0murl[0m[0;34m)[0m[0;34m[0m[0;34m[0m[0m
[0m[1;32m    262[0m [0;34m[0m[0m
[1;32m    263[0m     [0;34m@[0m[0mstaticmethod[0m[0;34m[0m[0;34m[0m[0m

[0;32m/usr/lib/python3.8/urllib/request.py[0m in [0;36murlopen[0;34m(url, data, timeout, cafile, capath, cadefault, context)[0m
[1;32m    220[0m     [0;32melse[0m[0;34m:[0m[0;34m[0m[0;34m[0m[0m
[1;32m    221[0m         [0mopener[0m [0;34m=[0m [0m_opener[0m[0;34m[0m[0;34m[0m[0m
[0;32m--> 222[0;31m     [0;32mreturn[0m [0mopener[0m[0;34m.[0m[0mopen[0m[0;34m([0m[0murl[0m[0;34m,[0m [0mdata[0m[0;34m,[0m [0mtimeout[0m[0;34m)[0m[0;34m[0m[0;34m[0m[0m
[0m[1;32m    223[0m [0;34m[0m[0m
[1;32m    224[0m [0;32mdef[0m [0minstall_opener[0m[0;34m([0m[0mopener[0m[0;34m)[0m[0;34m:[0m[0;34m[0m[0;34m[0m[0m

[0;32m/usr/lib/python3.8/urllib/request.py[0m in [0;36mopen[0;34m(self, fullurl, data, timeout)[0m
[1;32m    523[0m [0;34m[0m[0m
[1;32m    524[0m         [0msys[0m[0;34m.[0m[0maudit[0m[0;34m([0m[0;34m'urllib.Request'[0m[0;34m,[0m [0mreq[0m[0;34m.[0m[0mfull_url[0m[0;34m,[0m [0mreq[0m[0;34m.[0m[0mdata[0m[0;34m,[0m [0mreq[0m[0;34m.[0m[0mheaders[0m[0;34m,[0m [0mreq[0m[0;34m.[0m[0mget_method[0m[0;34m([0m[0;34m)[0m[0;34m)[0m[0;34m[0m[0;34m[0m[0m
[0;32m--> 525[0;31m         [0mresponse[0m [0;34m=[0m [0mself[0m[0;34m.[0m[0m_open[0m[0;34m([0m[0mreq[0m[0;34m,[0m [0mdata[0m[0;34m)[0m[0;34m[0m[0;34m[0m[0m
[0m[1;32m    526[0m [0;34m[0m[0m
[1;32m    527[0m         [0;31m# post-process response[0m[0;34m[0m[0;34m[0m[0;34m[0m[0m

[0;32m/usr/lib/python3.8/urllib/request.py[0m in [0;36m_open[0;34m(self, req, data)[0m
[1;32m    540[0m [0;34m[0m[0m
[1;32m    541[0m         [0mprotocol[0m [0;34m=[0m [0mreq[0m[0;34m.[0m[0mtype[0m[0;34m[0m[0;34m[0m[0m
[0;32m--> 542[0;31m         result = self._call_chain(self.handle_open, protocol, protocol +
[0m[1;32m    543[0m                                   '_open', req)
[1;32m    544[0m         [0;32mif[0m [0mresult[0m[0;34m:[0m[0;34m[0m[0;34m[0m[0m

[0;32m/usr/lib/python3.8/urllib/request.py[0m in [0;36m_call_chain[0;34m(self, chain, kind, meth_name, *args)[0m
[1;32m    500[0m         [0;32mfor[0m [0mhandler[0m [0;32min[0m [0mhandlers[0m[0;34m:[0m[0;34m[0m[0;34m[0m[0m
[1;32m    501[0m             [0mfunc[0m [0;34m=[0m [0mgetattr[0m[0;34m([0m[0mhandler[0m[0;34m,[0m [0mmeth_name[0m[0;34m)[0m[0;34m[0m[0;34m[0m[0m
[0;32m--> 502[0;31m             [0mresult[0m [0;34m=[0m [0mfunc[0m[0;34m([0m[0;34m*[0m[0margs[0m[0;34m)[0m[0;34m[0m[0;34m[0m[0m
[0m[1;32m    503[0m             [0;32mif[0m [0mresult[0m [0;32mis[0m [0;32mnot[0m [0;32mNone[0m[0;34m:[0m[0;34m[0m[0;34m[0m[0m
[1;32m    504[0m                 [0;32mreturn[0m [0mresult[0m[0;34m[0m[0;34m[0m[0m

[0;32m/usr/lib/python3.8/urllib/request.py[0m in [0;36mhttps_open[0;34m(self, req)[0m
[1;32m   1395[0m [0;34m[0m[0m
[1;32m   1396[0m         [0;32mdef[0m [0mhttps_open[0m[0;34m([0m[0mself[0m[0;34m,[0m [0mreq[0m[0;34m)[0m[0;34m:[0m[0;34m[0m[0;34m[0m[0m
[0;32m-> 1397[0;31m             return self.do_open(http.client.HTTPSConnection, req,
[0m[1;32m   1398[0m                 context=self._context, check_hostname=self._check_hostname)
[1;32m   1399[0m [0;34m[0m[0m

[0;32m/usr/lib/python3.8/urllib/request.py[0m in [0;36mdo_open[0;34m(self, http_class, req, **http_conn_args)[0m
[1;32m   1355[0m                           encode_chunked=req.has_header('Transfer-encoding'))
[1;32m   1356[0m             [0;32mexcept[0m [0mOSError[0m [0;32mas[0m [0merr[0m[0;34m:[0m [0;31m# timeout error[0m[0;34m[0m[0;34m[0m[0m
[0;32m-> 1357[0;31m                 [0;32mraise[0m [0mURLError[0m[0;34m([0m[0merr[0m[0;34m)[0m[0;34m[0m[0;34m[0m[0m
[0m[1;32m   1358[0m             [0mr[0m [0;34m=[0m [0mh[0m[0;34m.[0m[0mgetresponse[0m[0;34m([0m[0;34m)[0m[0;34m[0m[0;34m[0m[0m
[1;32m   1359[0m         [0;32mexcept[0m[0;34m:[0m[0;34m[0m[0;34m[0m[0m

[0;31mURLError[0m: <urlopen error [Errno -3] Temporary failure in name resolution>
URLError: <urlopen error [Errno -3] Temporary failure in name resolution>

